#
# A fatal error has been detected by the Java Runtime Environment:
#
#  Internal Error (safepoint.cpp:860), pid=29949, tid=47623
#  fatal error: Illegal threadstate encountered: 4
#
# JRE version: Java(TM) SE Runtime Environment (10.0.2+13) (build 10.0.2+13)
# Java VM: Java HotSpot(TM) 64-Bit Server VM (10.0.2+13, mixed mode, tiered, compressed oops, g1 gc, bsd-amd64)
# No core dump will be written. Core dumps have been disabled. To enable core dumping, try "ulimit -c unlimited" before starting Java again
#
# If you would like to submit a bug report, please visit:
#   http://bugreport.java.com/bugreport/crash.jsp
# The crash happened outside the Java Virtual Machine in native code.
# See problematic frame for where to report the bug.
#

---------------  S U M M A R Y ------------

Command Line: -javaagent:/Applications/IntelliJ IDEA CE.app/Contents/lib/idea_rt.jar=56701:/Applications/IntelliJ IDEA CE.app/Contents/bin -Dfile.encoding=UTF-8 proj6BogatyrevDimitrovWang.proj5BogatyrevCohenPeng.Main

Host: MacBookAir10,1 x86_64 2400 MHz, 8 cores, 8G, Darwin 21.2.0
Time: Mon Mar 14 21:18:19 2022 EDT elapsed time: 47 seconds (0d 0h 0m 47s)

---------------  T H R E A D  ---------------

Current thread (0x00007fe8b4f90800):  JavaThread "InvokeLaterDispatcher" daemon [_thread_in_native, id=47623, stack(0x00000003107fc000,0x00000003108fc000)]

Stack: [0x00000003107fc000,0x00000003108fc000],  sp=0x00000003108fa320,  free space=1016k
Native frames: (J=compiled Java code, A=aot compiled Java code, j=interpreted, Vv=VM code, C=native code)
V  [libjvm.dylib+0x799cb1]  _ZN7VMError14report_and_dieEiPKcS1_P13__va_list_tagP6ThreadPhPvS7_S1_im+0x4df
V  [libjvm.dylib+0x79a374]  _ZN7VMError14report_and_dieEP6ThreadPKciS3_S3_P13__va_list_tag+0x4a
V  [libjvm.dylib+0x28bd01]  _Z12report_fatalPKciS0_z+0xc0
V  [libjvm.dylib+0x6af2fe]  _ZN20SafepointSynchronize5blockEP10JavaThread+0x172
V  [libjvm.dylib+0x747deb]  _ZN10JavaThread44check_safepoint_and_suspend_for_native_transEPS_+0xd5
V  [libjvm.dylib+0x765bdf]  _ZN21ThreadStateTransition22transition_from_nativeEP10JavaThread15JavaThreadState+0x3f
V  [libjvm.dylib+0x41130d]  jni_DeleteGlobalRef+0x46
C  [libglass.dylib+0x49a1]  -[GlassRunnable dealloc]+0x31
C  [libobjc.A.dylib+0x291ee]  _ZN11objc_object17sidetable_releaseEbb+0xe8
C  [Foundation+0x80e9b]  -[_NSThreadPerformInfo dealloc]+0x2a
C  [libobjc.A.dylib+0x291ee]  _ZN11objc_object17sidetable_releaseEbb+0xe8
C  [Foundation+0x4dcc7]  -[NSObject(NSThreadPerformAdditions) performSelectorOnMainThread:withObject:waitUntilDone:]+0x7c
J 3450  com.sun.glass.ui.mac.MacApplication._submitForLaterInvocation(Ljava/lang/Runnable;)V javafx.graphics@10.0.2 (0 bytes) @ 0x000000012330557c [0x00000001233054c0+0x00000000000000bc]
J 3563 c1 com.sun.glass.ui.mac.MacApplication.submitForLaterInvocation(Ljava/lang/Runnable;)V javafx.graphics@10.0.2 (6 bytes) @ 0x000000011c2ed8b4 [0x000000011c2ed840+0x0000000000000074]
j  com.sun.glass.ui.InvokeLaterDispatcher.run()V+82 javafx.graphics@10.0.2
v  ~StubRoutines::call_stub
V  [libjvm.dylib+0x3d8c0e]  _ZN9JavaCalls11call_helperEP9JavaValueRK12methodHandleP17JavaCallArgumentsP6Thread+0x216
V  [libjvm.dylib+0x3d8222]  _ZN9JavaCalls12call_virtualEP9JavaValueP5KlassP6SymbolS5_P17JavaCallArgumentsP6Thread+0x12a
V  [libjvm.dylib+0x3d82e2]  _ZN9JavaCalls12call_virtualEP9JavaValue6HandleP5KlassP6SymbolS6_P6Thread+0x6a
V  [libjvm.dylib+0x454078]  _ZL12thread_entryP10JavaThreadP6Thread+0x77
V  [libjvm.dylib+0x74679c]  _ZN10JavaThread17thread_main_innerEv+0x86
V  [libjvm.dylib+0x633a5f]  _ZL19thread_native_entryP6Thread+0x12b
C  [libsystem_pthread.dylib+0x64f4]  _pthread_start+0x7d
C  [libsystem_pthread.dylib+0x200f]  thread_start+0xf
C  0x0000000000000000

Java frames: (J=compiled Java code, j=interpreted, Vv=VM code)
J 3450  com.sun.glass.ui.mac.MacApplication._submitForLaterInvocation(Ljava/lang/Runnable;)V javafx.graphics@10.0.2 (0 bytes) @ 0x000000012330550c [0x00000001233054c0+0x000000000000004c]
J 3563 c1 com.sun.glass.ui.mac.MacApplication.submitForLaterInvocation(Ljava/lang/Runnable;)V javafx.graphics@10.0.2 (6 bytes) @ 0x000000011c2ed8b4 [0x000000011c2ed840+0x0000000000000074]
j  com.sun.glass.ui.InvokeLaterDispatcher.run()V+82 javafx.graphics@10.0.2
v  ~StubRoutines::call_stub

---------------  P R O C E S S  ---------------

Threads class SMR info:
_java_thread_list=0x0000600003fb73e0, length=21, elements={
0x00007fe8b400e000, 0x00007fe8b4073800, 0x00007fe8b4076800, 0x00007fe8b6010800,
0x00007fe8b600c800, 0x00007fe8b6017000, 0x00007fe8b5817000, 0x00007fe8b5827800,
0x00007fe8b4876000, 0x00007fe8b416d800, 0x00007fe8b58b4800, 0x00007fe8b4876800,
0x00007fe8b58ed000, 0x00007fe8b4f90800, 0x00007fe8b4f96000, 0x00007fe8b4fad800,
0x00007fe8b407f000, 0x00007fe8b4231800, 0x00007fe8b59c2000, 0x00007fe8b42ae000,
0x00007fe8b433b000
}

Java Threads: ( => current thread )
  0x00007fe8b400e000 JavaThread "main" [_thread_blocked, id=6659, stack(0x000000030e2fd000,0x000000030e3fd000)]
  0x00007fe8b4073800 JavaThread "Reference Handler" daemon [_thread_blocked, id=40963, stack(0x000000030f93f000,0x000000030fa3f000)]
  0x00007fe8b4076800 JavaThread "Finalizer" daemon [_thread_blocked, id=24067, stack(0x000000030fa42000,0x000000030fb42000)]
  0x00007fe8b6010800 JavaThread "Signal Dispatcher" daemon [_thread_blocked, id=38403, stack(0x000000030fcdb000,0x000000030fddb000)]
  0x00007fe8b600c800 JavaThread "C2 CompilerThread0" daemon [_thread_blocked, id=26115, stack(0x000000030fdde000,0x000000030fede000)]
  0x00007fe8b6017000 JavaThread "C2 CompilerThread1" daemon [_thread_blocked, id=26627, stack(0x000000030fee1000,0x000000030ffe1000)]
  0x00007fe8b5817000 JavaThread "C2 CompilerThread2" daemon [_thread_blocked, id=36611, stack(0x000000030ffe4000,0x00000003100e4000)]
  0x00007fe8b5827800 JavaThread "C1 CompilerThread3" daemon [_thread_blocked, id=36099, stack(0x00000003100e7000,0x00000003101e7000)]
  0x00007fe8b4876000 JavaThread "Sweeper thread" daemon [_thread_blocked, id=28419, stack(0x00000003101ea000,0x00000003102ea000)]
  0x00007fe8b416d800 JavaThread "Common-Cleaner" daemon [_thread_blocked, id=35331, stack(0x00000003102ed000,0x00000003103ed000)]
  0x00007fe8b58b4800 JavaThread "Monitor Ctrl-Break" daemon [_thread_in_native, id=30723, stack(0x00000003103f0000,0x00000003104f0000)]
  0x00007fe8b4876800 JavaThread "Service Thread" daemon [_thread_blocked, id=31235, stack(0x00000003104f3000,0x00000003105f3000)]
  0x00007fe8b58ed000 JavaThread "QuantumRenderer-0" daemon [_thread_blocked, id=32515, stack(0x00000003106f9000,0x00000003107f9000)]
=>0x00007fe8b4f90800 JavaThread "InvokeLaterDispatcher" daemon [_thread_in_native, id=47623, stack(0x00000003107fc000,0x00000003108fc000)]
  0x00007fe8b4f96000 JavaThread "JavaFX Application Thread" [_thread_in_native, id=259, stack(0x000000030da7a000,0x000000030e27a000)]
  0x00007fe8b4fad800 JavaThread "Thread-2" daemon [_thread_in_native, id=73995, stack(0x00000003108ff000,0x000000031097f000)]
  0x00007fe8b407f000 JavaThread "JavaFX-Launcher" [_thread_blocked, id=67331, stack(0x0000000310a05000,0x0000000310b05000)]
  0x00007fe8b4231800 JavaThread "Attach Listener" daemon [_thread_blocked, id=63239, stack(0x0000000310b8f000,0x0000000310c8f000)]
  0x00007fe8b59c2000 JavaThread "Java2D Disposer" daemon [_thread_blocked, id=65027, stack(0x0000000310c92000,0x0000000310d92000)]
  0x00007fe8b42ae000 JavaThread "Prism Font Disposer" daemon [_thread_blocked, id=88067, stack(0x0000000310d95000,0x0000000310e95000)]
  0x00007fe8b433b000 JavaThread "Cleaner-0" daemon [_thread_blocked, id=168715, stack(0x0000000310f1f000,0x000000031101f000)]

Other Threads:
  0x00007fe8b600e800 VMThread "VM Thread" [stack: 0x000000030f83c000,0x000000030f93c000] [id=23043]
  0x00007fe8b600d800 WatcherThread [stack: 0x00000003105f6000,0x00000003106f6000] [id=31559]
  0x00007fe8b4812000 GCTaskThread "GC Thread#0" [stack: 0x000000030e400000,0x000000030e500000] [id=12035]
  0x00007fe8b4812800 GCTaskThread "GC Thread#1" [stack: 0x000000030e503000,0x000000030e603000] [id=19715]
  0x00007fe8b481a800 GCTaskThread "GC Thread#2" [stack: 0x000000030e606000,0x000000030e706000] [id=19459]
  0x00007fe8b481b000 GCTaskThread "GC Thread#3" [stack: 0x000000030e709000,0x000000030e809000] [id=18947]
  0x00007fe8b481c000 GCTaskThread "GC Thread#4" [stack: 0x000000030e80c000,0x000000030e90c000] [id=18691]
  0x00007fe8b481c800 GCTaskThread "GC Thread#5" [stack: 0x000000030e90f000,0x000000030ea0f000] [id=18435]
  0x00007fe8b6008800 GCTaskThread "GC Thread#6" [stack: 0x000000030ea12000,0x000000030eb12000] [id=13315]
  0x00007fe8b6009000 GCTaskThread "GC Thread#7" [stack: 0x000000030eb15000,0x000000030ec15000] [id=18179]
  0x00007fe8b402e800 ConcurrentGCThread "G1 Main Marker" [stack: 0x000000030ec18000,0x000000030ed18000] [id=17923]
  0x00007fe8b402f000 ConcurrentGCThread "G1 Conc#0" [stack: 0x000000030ed1b000,0x000000030ee1b000] [id=14595]
  0x00007fe8b4030000 ConcurrentGCThread "G1 Conc#1" [stack: 0x000000030ee1e000,0x000000030ef1e000] [id=15107]
  0x00007fe8b4070800 ConcurrentGCThread "G1 Refine#0" [stack: 0x000000030ef21000,0x000000030f021000] [id=15363]
  0x00007fe8b4071800 ConcurrentGCThread "G1 Refine#1" [stack: 0x000000030f024000,0x000000030f124000] [id=15875]
  0x00007fe8b4072000 ConcurrentGCThread "G1 Refine#2" [stack: 0x000000030f127000,0x000000030f227000] [id=17155]
  0x00007fe8b4073000 ConcurrentGCThread "G1 Refine#3" [stack: 0x000000030f22a000,0x000000030f32a000] [id=16387]
  0x00007fe8b481d800 ConcurrentGCThread "G1 Refine#4" [stack: 0x000000030f32d000,0x000000030f42d000] [id=21763]
  0x00007fe8b481e000 ConcurrentGCThread "G1 Refine#5" [stack: 0x000000030f430000,0x000000030f530000] [id=43267]
  0x00007fe8b481f000 ConcurrentGCThread "G1 Refine#6" [stack: 0x000000030f533000,0x000000030f633000] [id=22275]
  0x00007fe8b481f800 ConcurrentGCThread "G1 Refine#7" [stack: 0x000000030f636000,0x000000030f736000] [id=22531]
  0x00007fe8b4820800 ConcurrentGCThread "G1 Young RemSet Sampling" [stack: 0x000000030f739000,0x000000030f839000] [id=22787]

Threads with active compile tasks:

VM state:not at safepoint (normal execution)

VM Mutex/Monitor currently owned by a thread: None

Heap address: 0x0000000740000000, size: 2048 MB, Compressed Oops mode: Zero based, Oop shift amount: 3
Narrow klass base: 0x0000000000000000, Narrow klass shift: 3
Compressed class space size: 1073741824 Address: 0x00000007c0000000

Heap:
 garbage-first heap   total 131072K, used 47800K [0x0000000740000000, 0x00000007c0000000)
  region size 1024K, 40 young (40960K), 3 survivors (3072K)
 Metaspace       used 32214K, capacity 33607K, committed 33920K, reserved 1079296K
  class space    used 4047K, capacity 4698K, committed 4736K, reserved 1048576K
Heap Regions: E=young(eden), S=young(survivor), O=old, HS=humongous(starts), HC=humongous(continues), CS=collection set, F=free, A=archive, TS=gc time stamp, AC=allocation context, TAMS=top-at-mark-start (previous, next)
|   0|0x0000000740000000, 0x0000000740100000, 0x0000000740100000|100%| O|  |TS  0|AC  0|TAMS 0x0000000740100000, 0x0000000740100000|
|   1|0x0000000740100000, 0x0000000740200000, 0x0000000740200000|100%| O|  |TS  0|AC  0|TAMS 0x0000000740200000, 0x0000000740200000|
|   2|0x0000000740200000, 0x0000000740300000, 0x0000000740300000|100%| O|  |TS  1|AC  0|TAMS 0x00000007402cca00, 0x00000007402cca00|
|   3|0x0000000740300000, 0x0000000740400000, 0x0000000740400000|100%|HS|  |TS  0|AC  0|TAMS 0x0000000740300000, 0x0000000740300000|
|   4|0x0000000740400000, 0x0000000740500000, 0x0000000740500000|100%|HC|  |TS  0|AC  0|TAMS 0x0000000740400000, 0x0000000740400000|
|   5|0x0000000740500000, 0x0000000740600000, 0x0000000740600000|100%| O|  |TS  1|AC  0|TAMS 0x0000000740500000, 0x0000000740500000|
|   6|0x0000000740600000, 0x0000000740700000, 0x0000000740700000|100%| O|  |TS  1|AC  0|TAMS 0x0000000740600000, 0x0000000740600000|
|   7|0x0000000740700000, 0x0000000740800000, 0x0000000740800000|100%| O|  |TS  1|AC  0|TAMS 0x0000000740700000, 0x0000000740700000|
|   8|0x0000000740800000, 0x0000000740810c00, 0x0000000740900000|  6%| O|  |TS  1|AC  0|TAMS 0x0000000740800000, 0x0000000740800000|
|   9|0x0000000740900000, 0x0000000740900000, 0x0000000740a00000|  0%| F|  |TS  0|AC  0|TAMS 0x0000000740900000, 0x0000000740900000|
|  10|0x0000000740a00000, 0x0000000740a00000, 0x0000000740b00000|  0%| F|  |TS  0|AC  0|TAMS 0x0000000740a00000, 0x0000000740a00000|
|  11|0x0000000740b00000, 0x0000000740b00000, 0x0000000740c00000|  0%| F|  |TS  0|AC  0|TAMS 0x0000000740b00000, 0x0000000740b00000|
|  12|0x0000000740c00000, 0x0000000740c00000, 0x0000000740d00000|  0%| F|  |TS  0|AC  0|TAMS 0x0000000740c00000, 0x0000000740c00000|
|  13|0x0000000740d00000, 0x0000000740d00000, 0x0000000740e00000|  0%| F|  |TS  0|AC  0|TAMS 0x0000000740d00000, 0x0000000740d00000|
|  14|0x0000000740e00000, 0x0000000740e00000, 0x0000000740f00000|  0%| F|  |TS  0|AC  0|TAMS 0x0000000740e00000, 0x0000000740e00000|
|  15|0x0000000740f00000, 0x0000000740f00000, 0x0000000741000000|  0%| F|  |TS  0|AC  0|TAMS 0x0000000740f00000, 0x0000000740f00000|
|  16|0x0000000741000000, 0x0000000741000000, 0x0000000741100000|  0%| F|  |TS  0|AC  0|TAMS 0x0000000741000000, 0x0000000741000000|
|  17|0x0000000741100000, 0x0000000741100000, 0x0000000741200000|  0%| F|  |TS  0|AC  0|TAMS 0x0000000741100000, 0x0000000741100000|
|  18|0x0000000741200000, 0x0000000741200000, 0x0000000741300000|  0%| F|  |TS  0|AC  0|TAMS 0x0000000741200000, 0x0000000741200000|
|  19|0x0000000741300000, 0x0000000741300000, 0x0000000741400000|  0%| F|  |TS  0|AC  0|TAMS 0x0000000741300000, 0x0000000741300000|
|  20|0x0000000741400000, 0x0000000741400000, 0x0000000741500000|  0%| F|  |TS  0|AC  0|TAMS 0x0000000741400000, 0x0000000741400000|
|  21|0x0000000741500000, 0x0000000741500000, 0x0000000741600000|  0%| F|  |TS  0|AC  0|TAMS 0x0000000741500000, 0x0000000741500000|
|  22|0x0000000741600000, 0x0000000741600000, 0x0000000741700000|  0%| F|  |TS  0|AC  0|TAMS 0x0000000741600000, 0x0000000741600000|
|  23|0x0000000741700000, 0x0000000741700000, 0x0000000741800000|  0%| F|  |TS  0|AC  0|TAMS 0x0000000741700000, 0x0000000741700000|
|  24|0x0000000741800000, 0x0000000741800000, 0x0000000741900000|  0%| F|  |TS  0|AC  0|TAMS 0x0000000741800000, 0x0000000741800000|
|  25|0x0000000741900000, 0x0000000741900000, 0x0000000741a00000|  0%| F|  |TS  0|AC  0|TAMS 0x0000000741900000, 0x0000000741900000|
|  26|0x0000000741a00000, 0x0000000741a00000, 0x0000000741b00000|  0%| F|  |TS  0|AC  0|TAMS 0x0000000741a00000, 0x0000000741a00000|
|  27|0x0000000741b00000, 0x0000000741b00000, 0x0000000741c00000|  0%| F|  |TS  0|AC  0|TAMS 0x0000000741b00000, 0x0000000741b00000|
|  28|0x0000000741c00000, 0x0000000741c00000, 0x0000000741d00000|  0%| F|  |TS  0|AC  0|TAMS 0x0000000741c00000, 0x0000000741c00000|
|  29|0x0000000741d00000, 0x0000000741d00000, 0x0000000741e00000|  0%| F|  |TS  0|AC  0|TAMS 0x0000000741d00000, 0x0000000741d00000|
|  30|0x0000000741e00000, 0x0000000741e00000, 0x0000000741f00000|  0%| F|  |TS  0|AC  0|TAMS 0x0000000741e00000, 0x0000000741e00000|
|  31|0x0000000741f00000, 0x0000000741f00000, 0x0000000742000000|  0%| F|  |TS  0|AC  0|TAMS 0x0000000741f00000, 0x0000000741f00000|
|  32|0x0000000742000000, 0x0000000742000000, 0x0000000742100000|  0%| F|  |TS  0|AC  0|TAMS 0x0000000742000000, 0x0000000742000000|
|  33|0x0000000742100000, 0x0000000742100000, 0x0000000742200000|  0%| F|  |TS  0|AC  0|TAMS 0x0000000742100000, 0x0000000742100000|
|  34|0x0000000742200000, 0x0000000742200000, 0x0000000742300000|  0%| F|  |TS  0|AC  0|TAMS 0x0000000742200000, 0x0000000742200000|
|  35|0x0000000742300000, 0x0000000742300000, 0x0000000742400000|  0%| F|  |TS  0|AC  0|TAMS 0x0000000742300000, 0x0000000742300000|
|  36|0x0000000742400000, 0x0000000742400000, 0x0000000742500000|  0%| F|  |TS  0|AC  0|TAMS 0x0000000742400000, 0x0000000742400000|
|  37|0x0000000742500000, 0x0000000742500000, 0x0000000742600000|  0%| F|  |TS  0|AC  0|TAMS 0x0000000742500000, 0x0000000742500000|
|  38|0x0000000742600000, 0x0000000742600000, 0x0000000742700000|  0%| F|  |TS  0|AC  0|TAMS 0x0000000742600000, 0x0000000742600000|
|  39|0x0000000742700000, 0x0000000742700000, 0x0000000742800000|  0%| F|  |TS  0|AC  0|TAMS 0x0000000742700000, 0x0000000742700000|
|  40|0x0000000742800000, 0x0000000742800000, 0x0000000742900000|  0%| F|  |TS  0|AC  0|TAMS 0x0000000742800000, 0x0000000742800000|
|  41|0x0000000742900000, 0x0000000742900000, 0x0000000742a00000|  0%| F|  |TS  0|AC  0|TAMS 0x0000000742900000, 0x0000000742900000|
|  42|0x0000000742a00000, 0x0000000742a00000, 0x0000000742b00000|  0%| F|  |TS  0|AC  0|TAMS 0x0000000742a00000, 0x0000000742a00000|
|  43|0x0000000742b00000, 0x0000000742b00000, 0x0000000742c00000|  0%| F|  |TS  0|AC  0|TAMS 0x0000000742b00000, 0x0000000742b00000|
|  44|0x0000000742c00000, 0x0000000742c00000, 0x0000000742d00000|  0%| F|  |TS  0|AC  0|TAMS 0x0000000742c00000, 0x0000000742c00000|
|  45|0x0000000742d00000, 0x0000000742d00000, 0x0000000742e00000|  0%| F|  |TS  0|AC  0|TAMS 0x0000000742d00000, 0x0000000742d00000|
|  46|0x0000000742e00000, 0x0000000742e00000, 0x0000000742f00000|  0%| F|  |TS  0|AC  0|TAMS 0x0000000742e00000, 0x0000000742e00000|
|  47|0x0000000742f00000, 0x0000000742f00000, 0x0000000743000000|  0%| F|  |TS  0|AC  0|TAMS 0x0000000742f00000, 0x0000000742f00000|
|  48|0x0000000743000000, 0x0000000743000000, 0x0000000743100000|  0%| F|  |TS  0|AC  0|TAMS 0x0000000743000000, 0x0000000743000000|
|  49|0x0000000743100000, 0x0000000743100000, 0x0000000743200000|  0%| F|  |TS  0|AC  0|TAMS 0x0000000743100000, 0x0000000743100000|
|  50|0x0000000743200000, 0x0000000743200000, 0x0000000743300000|  0%| F|  |TS  0|AC  0|TAMS 0x0000000743200000, 0x0000000743200000|
|  51|0x0000000743300000, 0x0000000743300000, 0x0000000743400000|  0%| F|  |TS  0|AC  0|TAMS 0x0000000743300000, 0x0000000743300000|
|  52|0x0000000743400000, 0x0000000743400000, 0x0000000743500000|  0%| F|  |TS  0|AC  0|TAMS 0x0000000743400000, 0x0000000743400000|
|  53|0x0000000743500000, 0x0000000743500000, 0x0000000743600000|  0%| F|  |TS  0|AC  0|TAMS 0x0000000743500000, 0x0000000743500000|
|  54|0x0000000743600000, 0x0000000743600000, 0x0000000743700000|  0%| F|  |TS  0|AC  0|TAMS 0x0000000743600000, 0x0000000743600000|
|  55|0x0000000743700000, 0x0000000743700000, 0x0000000743800000|  0%| F|  |TS  0|AC  0|TAMS 0x0000000743700000, 0x0000000743700000|
|  56|0x0000000743800000, 0x0000000743800000, 0x0000000743900000|  0%| F|  |TS  0|AC  0|TAMS 0x0000000743800000, 0x0000000743800000|
|  57|0x0000000743900000, 0x0000000743900000, 0x0000000743a00000|  0%| F|  |TS  0|AC  0|TAMS 0x0000000743900000, 0x0000000743900000|
|  58|0x0000000743a00000, 0x0000000743a00000, 0x0000000743b00000|  0%| F|  |TS  0|AC  0|TAMS 0x0000000743a00000, 0x0000000743a00000|
|  59|0x0000000743b00000, 0x0000000743b00000, 0x0000000743c00000|  0%| F|  |TS  0|AC  0|TAMS 0x0000000743b00000, 0x0000000743b00000|
|  60|0x0000000743c00000, 0x0000000743c00000, 0x0000000743d00000|  0%| F|  |TS  0|AC  0|TAMS 0x0000000743c00000, 0x0000000743c00000|
|  61|0x0000000743d00000, 0x0000000743d00000, 0x0000000743e00000|  0%| F|  |TS  0|AC  0|TAMS 0x0000000743d00000, 0x0000000743d00000|
|  62|0x0000000743e00000, 0x0000000743e00000, 0x0000000743f00000|  0%| F|  |TS  0|AC  0|TAMS 0x0000000743e00000, 0x0000000743e00000|
|  63|0x0000000743f00000, 0x0000000743f00000, 0x0000000744000000|  0%| F|  |TS  0|AC  0|TAMS 0x0000000743f00000, 0x0000000743f00000|
|  64|0x0000000744000000, 0x0000000744000000, 0x0000000744100000|  0%| F|  |TS  0|AC  0|TAMS 0x0000000744000000, 0x0000000744000000|
|  65|0x0000000744100000, 0x0000000744100000, 0x0000000744200000|  0%| F|  |TS  0|AC  0|TAMS 0x0000000744100000, 0x0000000744100000|
|  66|0x0000000744200000, 0x0000000744200000, 0x0000000744300000|  0%| F|  |TS  0|AC  0|TAMS 0x0000000744200000, 0x0000000744200000|
|  67|0x0000000744300000, 0x0000000744300000, 0x0000000744400000|  0%| F|  |TS  0|AC  0|TAMS 0x0000000744300000, 0x0000000744300000|
|  68|0x0000000744400000, 0x0000000744400000, 0x0000000744500000|  0%| F|  |TS  0|AC  0|TAMS 0x0000000744400000, 0x0000000744400000|
|  69|0x0000000744500000, 0x0000000744500000, 0x0000000744600000|  0%| F|  |TS  0|AC  0|TAMS 0x0000000744500000, 0x0000000744500000|
|  70|0x0000000744600000, 0x0000000744600000, 0x0000000744700000|  0%| F|  |TS  0|AC  0|TAMS 0x0000000744600000, 0x0000000744600000|
|  71|0x0000000744700000, 0x0000000744700000, 0x0000000744800000|  0%| F|  |TS  0|AC  0|TAMS 0x0000000744700000, 0x0000000744700000|
|  72|0x0000000744800000, 0x0000000744800000, 0x0000000744900000|  0%| F|  |TS  0|AC  0|TAMS 0x0000000744800000, 0x0000000744800000|
|  73|0x0000000744900000, 0x0000000744900000, 0x0000000744a00000|  0%| F|  |TS  0|AC  0|TAMS 0x0000000744900000, 0x0000000744900000|
|  74|0x0000000744a00000, 0x0000000744a00000, 0x0000000744b00000|  0%| F|  |TS  0|AC  0|TAMS 0x0000000744a00000, 0x0000000744a00000|
|  75|0x0000000744b00000, 0x0000000744b00000, 0x0000000744c00000|  0%| F|  |TS  0|AC  0|TAMS 0x0000000744b00000, 0x0000000744b00000|
|  76|0x0000000744c00000, 0x0000000744c00000, 0x0000000744d00000|  0%| F|  |TS  0|AC  0|TAMS 0x0000000744c00000, 0x0000000744c00000|
|  77|0x0000000744d00000, 0x0000000744d00000, 0x0000000744e00000|  0%| F|  |TS  0|AC  0|TAMS 0x0000000744d00000, 0x0000000744d00000|
|  78|0x0000000744e00000, 0x0000000744e00000, 0x0000000744f00000|  0%| F|  |TS  0|AC  0|TAMS 0x0000000744e00000, 0x0000000744e00000|
|  79|0x0000000744f00000, 0x0000000744f00000, 0x0000000745000000|  0%| F|  |TS  0|AC  0|TAMS 0x0000000744f00000, 0x0000000744f00000|
|  80|0x0000000745000000, 0x0000000745000000, 0x0000000745100000|  0%| F|  |TS  0|AC  0|TAMS 0x0000000745000000, 0x0000000745000000|
|  81|0x0000000745100000, 0x0000000745100000, 0x0000000745200000|  0%| F|  |TS  0|AC  0|TAMS 0x0000000745100000, 0x0000000745100000|
|  82|0x0000000745200000, 0x0000000745200000, 0x0000000745300000|  0%| F|  |TS  0|AC  0|TAMS 0x0000000745200000, 0x0000000745200000|
|  83|0x0000000745300000, 0x0000000745300000, 0x0000000745400000|  0%| F|  |TS  0|AC  0|TAMS 0x0000000745300000, 0x0000000745300000|
|  84|0x0000000745400000, 0x0000000745400000, 0x0000000745500000|  0%| F|  |TS  0|AC  0|TAMS 0x0000000745400000, 0x0000000745400000|
|  85|0x0000000745500000, 0x0000000745500000, 0x0000000745600000|  0%| F|  |TS  0|AC  0|TAMS 0x0000000745500000, 0x0000000745500000|
|  86|0x0000000745600000, 0x0000000745600000, 0x0000000745700000|  0%| F|  |TS  0|AC  0|TAMS 0x0000000745600000, 0x0000000745600000|
|  87|0x0000000745700000, 0x0000000745700000, 0x0000000745800000|  0%| F|  |TS  0|AC  0|TAMS 0x0000000745700000, 0x0000000745700000|
|  88|0x0000000745800000, 0x00000007458691f8, 0x0000000745900000| 41%| E|  |TS  0|AC  0|TAMS 0x0000000745800000, 0x0000000745800000|
|  89|0x0000000745900000, 0x0000000745a00000, 0x0000000745a00000|100%| E|CS|TS  0|AC  0|TAMS 0x0000000745900000, 0x0000000745900000|
|  90|0x0000000745a00000, 0x0000000745b00000, 0x0000000745b00000|100%| E|CS|TS  0|AC  0|TAMS 0x0000000745a00000, 0x0000000745a00000|
|  91|0x0000000745b00000, 0x0000000745c00000, 0x0000000745c00000|100%| E|CS|TS  0|AC  0|TAMS 0x0000000745b00000, 0x0000000745b00000|
|  92|0x0000000745c00000, 0x0000000745d00000, 0x0000000745d00000|100%| E|CS|TS  0|AC  0|TAMS 0x0000000745c00000, 0x0000000745c00000|
|  93|0x0000000745d00000, 0x0000000745e00000, 0x0000000745e00000|100%| E|CS|TS  0|AC  0|TAMS 0x0000000745d00000, 0x0000000745d00000|
|  94|0x0000000745e00000, 0x0000000745f00000, 0x0000000745f00000|100%| E|CS|TS  0|AC  0|TAMS 0x0000000745e00000, 0x0000000745e00000|
|  95|0x0000000745f00000, 0x0000000746000000, 0x0000000746000000|100%| E|CS|TS  0|AC  0|TAMS 0x0000000745f00000, 0x0000000745f00000|
|  96|0x0000000746000000, 0x0000000746100000, 0x0000000746100000|100%| E|CS|TS  0|AC  0|TAMS 0x0000000746000000, 0x0000000746000000|
|  97|0x0000000746100000, 0x0000000746200000, 0x0000000746200000|100%| E|CS|TS  0|AC  0|TAMS 0x0000000746100000, 0x0000000746100000|
|  98|0x0000000746200000, 0x0000000746300000, 0x0000000746300000|100%| E|CS|TS  0|AC  0|TAMS 0x0000000746200000, 0x0000000746200000|
|  99|0x0000000746300000, 0x0000000746400000, 0x0000000746400000|100%| E|CS|TS  0|AC  0|TAMS 0x0000000746300000, 0x0000000746300000|
| 100|0x0000000746400000, 0x0000000746500000, 0x0000000746500000|100%| E|CS|TS  0|AC  0|TAMS 0x0000000746400000, 0x0000000746400000|
| 101|0x0000000746500000, 0x0000000746600000, 0x0000000746600000|100%| E|CS|TS  0|AC  0|TAMS 0x0000000746500000, 0x0000000746500000|
| 102|0x0000000746600000, 0x0000000746700000, 0x0000000746700000|100%| E|CS|TS  0|AC  0|TAMS 0x0000000746600000, 0x0000000746600000|
| 103|0x0000000746700000, 0x0000000746800000, 0x0000000746800000|100%| E|CS|TS  0|AC  0|TAMS 0x0000000746700000, 0x0000000746700000|
| 104|0x0000000746800000, 0x0000000746900000, 0x0000000746900000|100%| E|CS|TS  0|AC  0|TAMS 0x0000000746800000, 0x0000000746800000|
| 105|0x0000000746900000, 0x0000000746a00000, 0x0000000746a00000|100%| E|CS|TS  0|AC  0|TAMS 0x0000000746900000, 0x0000000746900000|
| 106|0x0000000746a00000, 0x0000000746b00000, 0x0000000746b00000|100%| E|CS|TS  0|AC  0|TAMS 0x0000000746a00000, 0x0000000746a00000|
| 107|0x0000000746b00000, 0x0000000746c00000, 0x0000000746c00000|100%| E|CS|TS  0|AC  0|TAMS 0x0000000746b00000, 0x0000000746b00000|
| 108|0x0000000746c00000, 0x0000000746c9d620, 0x0000000746d00000| 61%| S|CS|TS  1|AC  0|TAMS 0x0000000746c00000, 0x0000000746c00000|
| 109|0x0000000746d00000, 0x0000000746e00000, 0x0000000746e00000|100%| S|CS|TS  1|AC  0|TAMS 0x0000000746d00000, 0x0000000746d00000|
| 110|0x0000000746e00000, 0x0000000746f00000, 0x0000000746f00000|100%| S|CS|TS  1|AC  0|TAMS 0x0000000746e00000, 0x0000000746e00000|
| 111|0x0000000746f00000, 0x0000000747000000, 0x0000000747000000|100%| E|CS|TS  1|AC  0|TAMS 0x0000000746f00000, 0x0000000746f00000|
| 112|0x0000000747000000, 0x0000000747100000, 0x0000000747100000|100%| E|CS|TS  1|AC  0|TAMS 0x0000000747000000, 0x0000000747000000|
| 113|0x0000000747100000, 0x0000000747200000, 0x0000000747200000|100%| E|CS|TS  1|AC  0|TAMS 0x0000000747100000, 0x0000000747100000|
| 114|0x0000000747200000, 0x0000000747300000, 0x0000000747300000|100%| E|CS|TS  1|AC  0|TAMS 0x0000000747200000, 0x0000000747200000|
| 115|0x0000000747300000, 0x0000000747400000, 0x0000000747400000|100%| E|CS|TS  1|AC  0|TAMS 0x0000000747300000, 0x0000000747300000|
| 116|0x0000000747400000, 0x0000000747500000, 0x0000000747500000|100%| E|CS|TS  1|AC  0|TAMS 0x0000000747400000, 0x0000000747400000|
| 117|0x0000000747500000, 0x0000000747600000, 0x0000000747600000|100%| E|CS|TS  1|AC  0|TAMS 0x0000000747500000, 0x0000000747500000|
| 118|0x0000000747600000, 0x0000000747700000, 0x0000000747700000|100%| E|CS|TS  1|AC  0|TAMS 0x0000000747600000, 0x0000000747600000|
| 119|0x0000000747700000, 0x0000000747800000, 0x0000000747800000|100%| E|CS|TS  1|AC  0|TAMS 0x0000000747700000, 0x0000000747700000|
| 120|0x0000000747800000, 0x0000000747900000, 0x0000000747900000|100%| E|CS|TS  1|AC  0|TAMS 0x0000000747800000, 0x0000000747800000|
| 121|0x0000000747900000, 0x0000000747a00000, 0x0000000747a00000|100%| E|CS|TS  1|AC  0|TAMS 0x0000000747900000, 0x0000000747900000|
| 122|0x0000000747a00000, 0x0000000747b00000, 0x0000000747b00000|100%| E|CS|TS  1|AC  0|TAMS 0x0000000747a00000, 0x0000000747a00000|
| 123|0x0000000747b00000, 0x0000000747c00000, 0x0000000747c00000|100%| E|CS|TS  1|AC  0|TAMS 0x0000000747b00000, 0x0000000747b00000|
| 124|0x0000000747c00000, 0x0000000747d00000, 0x0000000747d00000|100%| E|CS|TS  1|AC  0|TAMS 0x0000000747c00000, 0x0000000747c00000|
| 125|0x0000000747d00000, 0x0000000747e00000, 0x0000000747e00000|100%| E|CS|TS  1|AC  0|TAMS 0x0000000747d00000, 0x0000000747d00000|
| 126|0x0000000747e00000, 0x0000000747f00000, 0x0000000747f00000|100%| E|CS|TS  1|AC  0|TAMS 0x0000000747e00000, 0x0000000747e00000|
| 127|0x0000000747f00000, 0x0000000748000000, 0x0000000748000000|100%| E|CS|TS  1|AC  0|TAMS 0x0000000747f00000, 0x0000000747f00000|

Card table byte_map: [0x000000010de14000,0x000000010e214000] byte_map_base: 0x000000010a414000

Marking Bits (Prev, Next): (CMBitMap*) 0x00007fe8b402dc98, (CMBitMap*) 0x00007fe8b402dc60
 Prev Bits: [0x000000012cab1000, 0x000000012eab1000)
 Next Bits: [0x000000012aab1000, 0x000000012cab1000)

Polling page: 0x0000000104fe6000

CodeHeap 'non-profiled nmethods': size=120032Kb used=2783Kb max_used=2783Kb free=117248Kb
 bounds [0x0000000123179000, 0x0000000123439000, 0x000000012a6b1000]
CodeHeap 'profiled nmethods': size=120028Kb used=13117Kb max_used=13117Kb free=106910Kb
 bounds [0x000000011bc42000, 0x000000011c912000, 0x0000000123179000]
CodeHeap 'non-nmethods': size=5700Kb used=1329Kb max_used=1384Kb free=4370Kb
 bounds [0x000000011b6b1000, 0x000000011b921000, 0x000000011bc42000]
 total_blobs=8185 nmethods=6221 adapters=708
 compilation: enabled

Compilation events (10 events):
Event: 47.233 Thread 0x00007fe8b5827800 6217       3       javafx.scene.input.KeyCombination::test (50 bytes)
Event: 47.234 Thread 0x00007fe8b5827800 nmethod 6217 0x000000011c90de10 code [0x000000011c90dfe0, 0x000000011c90e210]
Event: 47.243 Thread 0x00007fe8b5827800 6218       3       java.util.LinkedList::unlink (91 bytes)
Event: 47.243 Thread 0x00007fe8b5827800 nmethod 6218 0x000000011c90e310 code [0x000000011c90e4e0, 0x000000011c90e950]
Event: 47.252 Thread 0x00007fe8b5827800 6219       3       org.reactfx.util.FingerTree$Branch$$Lambda$978/859679514::apply (12 bytes)
Event: 47.253 Thread 0x00007fe8b5827800 nmethod 6219 0x000000011c90ea90 code [0x000000011c90ed00, 0x000000011c90f868]
Event: 47.253 Thread 0x00007fe8b5827800 6220       3       org.reactfx.util.FingerTree$Branch::lambda$null$3 (9 bytes)
Event: 47.254 Thread 0x00007fe8b5827800 nmethod 6220 0x000000011c90fc90 code [0x000000011c90ff20, 0x000000011c910ad8]
Event: 47.270 Thread 0x00007fe8b5817000 6221       4       com.sun.marlin.DTransformingPathConsumer2D$PathClipFilter::lineTo (103 bytes)
Event: 47.282 Thread 0x00007fe8b5817000 nmethod 6221 0x0000000123430110 code [0x0000000123430360, 0x0000000123430970]

GC Heap History (6 events):
Event: 1.591 GC heap before
{Heap before GC invocations=0 (full 0):
 garbage-first heap   total 131072K, used 24576K [0x0000000740000000, 0x00000007c0000000)
  region size 1024K, 24 young (24576K), 0 survivors (0K)
 Metaspace       used 19250K, capacity 19761K, committed 20096K, reserved 1067008K
  class space    used 2146K, capacity 2387K, committed 2432K, reserved 1048576K
}
Event: 1.627 GC heap after
{Heap after GC invocations=1 (full 0):
 garbage-first heap   total 131072K, used 5938K [0x0000000740000000, 0x00000007c0000000)
  region size 1024K, 3 young (3072K), 3 survivors (3072K)
 Metaspace       used 19250K, capacity 19761K, committed 20096K, reserved 1067008K
  class space    used 2146K, capacity 2387K, committed 2432K, reserved 1048576K
}
Event: 1.771 GC heap before
{Heap before GC invocations=1 (full 0):
 garbage-first heap   total 131072K, used 9010K [0x0000000740000000, 0x00000007c0000000)
  region size 1024K, 7 young (7168K), 3 survivors (3072K)
 Metaspace       used 20461K, capacity 21099K, committed 21296K, reserved 1069056K
  class space    used 2365K, capacity 2669K, committed 2688K, reserved 1048576K
}
Event: 1.788 GC heap after
{Heap after GC invocations=2 (full 0):
 garbage-first heap   total 131072K, used 6350K [0x0000000740000000, 0x00000007c0000000)
  region size 1024K, 4 young (4096K), 4 survivors (4096K)
 Metaspace       used 20461K, capacity 21099K, committed 21296K, reserved 1069056K
  class space    used 2365K, capacity 2669K, committed 2688K, reserved 1048576K
}
Event: 2.860 GC heap before
{Heap before GC invocations=3 (full 0):
 garbage-first heap   total 131072K, used 21710K [0x0000000740000000, 0x00000007c0000000)
  region size 1024K, 17 young (17408K), 4 survivors (4096K)
 Metaspace       used 26413K, capacity 27619K, committed 28160K, reserved 1073152K
  class space    used 3476K, capacity 4002K, committed 4096K, reserved 1048576K
}
Event: 2.880 GC heap after
{Heap after GC invocations=4 (full 0):
 garbage-first heap   total 131072K, used 10936K [0x0000000740000000, 0x00000007c0000000)
  region size 1024K, 3 young (3072K), 3 survivors (3072K)
 Metaspace       used 26413K, capacity 27619K, committed 28160K, reserved 1073152K
  class space    used 3476K, capacity 4002K, committed 4096K, reserved 1048576K
}

Deoptimization events (10 events):
Event: 21.669 Thread 0x00007fe8b58ed000 Uncommon trap: reason=unstable_if action=reinterpret pc=0x000000012330aa80 method=com.sun.marlin.DRenderer._endRendering(IILcom/sun/marlin/MarlinAlphaConsumer;)V @ 2015 c2
Event: 33.744 Thread 0x00007fe8b4f96000 Uncommon trap: reason=class_check action=maybe_recompile pc=0x000000012331c300 method=javafx.scene.Node.updateLocalToParentTransform()V @ 11 c2
Event: 33.745 Thread 0x00007fe8b4f96000 Uncommon trap: reason=class_check action=maybe_recompile pc=0x000000012331c300 method=javafx.scene.Node.updateLocalToParentTransform()V @ 11 c2
Event: 42.006 Thread 0x00007fe8b4f96000 Uncommon trap: reason=unstable_if action=reinterpret pc=0x00000001233c0e34 method=com.sun.javafx.text.TextRun.getPosX(I)F @ 75 c2
Event: 44.949 Thread 0x00007fe8b4f96000 Uncommon trap: reason=array_check action=maybe_recompile pc=0x000000012342539c method=java.util.stream.Nodes$FixedNodeBuilder.accept(Ljava/lang/Object;)V @ 28 c2
Event: 44.949 Thread 0x00007fe8b4f96000 Uncommon trap: reason=array_check action=maybe_recompile pc=0x000000012342539c method=java.util.stream.Nodes$FixedNodeBuilder.accept(Ljava/lang/Object;)V @ 28 c2
Event: 44.950 Thread 0x00007fe8b4f96000 Uncommon trap: reason=array_check action=maybe_recompile pc=0x000000012342539c method=java.util.stream.Nodes$FixedNodeBuilder.accept(Ljava/lang/Object;)V @ 28 c2
Event: 44.950 Thread 0x00007fe8b4f96000 Uncommon trap: reason=array_check action=maybe_recompile pc=0x000000012342539c method=java.util.stream.Nodes$FixedNodeBuilder.accept(Ljava/lang/Object;)V @ 28 c2
Event: 46.461 Thread 0x00007fe8b4f96000 Uncommon trap: reason=class_check action=maybe_recompile pc=0x000000012331c300 method=javafx.scene.Node.updateLocalToParentTransform()V @ 11 c2
Event: 46.461 Thread 0x00007fe8b4f96000 Uncommon trap: reason=class_check action=maybe_recompile pc=0x000000012331c300 method=javafx.scene.Node.updateLocalToParentTransform()V @ 11 c2

Classes redefined (0 events):
No events

Internal exceptions (10 events):
Event: 5.217 Thread 0x00007fe8b4f96000 Exception <a 'java/lang/NoSuchMethodError'{0x000000074762f470}: java.lang.invoke.DirectMethodHandle$Holder.invokeVirtual(Ljava/lang/Object;Ljava/lang/Object;)I> (0x000000074762f470) thrown at [/scratch/mesos/slaves/9190d864-6621-4810-ba08-d8d8c75ba674-S34
Event: 18.903 Thread 0x00007fe8b4f96000 Exception <a 'java/lang/NoSuchMethodError'{0x00000007473bdb88}: method resolution failed> (0x00000007473bdb88) thrown at [/scratch/mesos/slaves/9190d864-6621-4810-ba08-d8d8c75ba674-S34/frameworks/1735e8a2-a1db-478c-8104-60c8b0af87dd-0196/executors/f87b489
Event: 18.919 Thread 0x00007fe8b4f96000 Exception <a 'java/lang/NoSuchMethodError'{0x00000007473c4e78}: java.lang.invoke.DirectMethodHandle$Holder.invokeStatic(Ljava/lang/Object;Ljava/lang/Object;IIIIILjava/lang/Object;)Ljava/lang/Object;> (0x00000007473c4e78) thrown at [/scratch/mesos/slaves/9
Event: 18.921 Thread 0x00007fe8b4f96000 Exception <a 'java/lang/NoSuchMethodError'{0x00000007473c8710}: method resolution failed> (0x00000007473c8710) thrown at [/scratch/mesos/slaves/9190d864-6621-4810-ba08-d8d8c75ba674-S34/frameworks/1735e8a2-a1db-478c-8104-60c8b0af87dd-0196/executors/f87b489
Event: 18.923 Thread 0x00007fe8b4f96000 Exception <a 'java/lang/NoSuchMethodError'{0x00000007473ceff8}: method resolution failed> (0x00000007473ceff8) thrown at [/scratch/mesos/slaves/9190d864-6621-4810-ba08-d8d8c75ba674-S34/frameworks/1735e8a2-a1db-478c-8104-60c8b0af87dd-0196/executors/f87b489
Event: 18.923 Thread 0x00007fe8b4f96000 Exception <a 'java/lang/NoSuchMethodError'{0x00000007473d66c0}: java.lang.invoke.DirectMethodHandle$Holder.invokeStatic(Ljava/lang/Object;Ljava/lang/Object;Ljava/lang/Object;IIIII)Ljava/lang/Object;> (0x00000007473d66c0) thrown at [/scratch/mesos/slaves/9
Event: 18.923 Thread 0x00007fe8b4f96000 Exception <a 'java/lang/NoSuchMethodError'{0x00000007473d9e60}: method resolution failed> (0x00000007473d9e60) thrown at [/scratch/mesos/slaves/9190d864-6621-4810-ba08-d8d8c75ba674-S34/frameworks/1735e8a2-a1db-478c-8104-60c8b0af87dd-0196/executors/f87b489
Event: 31.684 Thread 0x00007fe8b4f96000 Exception <a 'java/lang/NoSuchMethodError'{0x00000007468f7cb0}: java.lang.invoke.DirectMethodHandle$Holder.invokeInterface(Ljava/lang/Object;Ljava/lang/Object;Ljava/lang/Object;Ljava/lang/Object;)Ljava/lang/Object;> (0x00000007468f7cb0) thrown at [/scratc
Event: 31.804 Thread 0x00007fe8b4f96000 Exception <a 'java/lang/NoSuchMethodError'{0x0000000746764d70}: java.lang.Object.lambda$pApply$0(Ljava/lang/Object;Ljava/lang/Object;Ljava/lang/Object;)Ljava/lang/Object;> (0x0000000746764d70) thrown at [/scratch/mesos/slaves/9190d864-6621-4810-ba08-d8d8c
Event: 33.074 Thread 0x00007fe8b4f96000 Exception <a 'java/lang/NoSuchMethodError'{0x00000007466279d0}: method resolution failed> (0x00000007466279d0) thrown at [/scratch/mesos/slaves/9190d864-6621-4810-ba08-d8d8c75ba674-S34/frameworks/1735e8a2-a1db-478c-8104-60c8b0af87dd-0196/executors/f87b489

Events (10 events):
Event: 44.950 Thread 0x00007fe8b4f96000 DEOPT UNPACKING pc=0x000000011b6d871f sp=0x000000030e2738a0 mode 2
Event: 44.950 Thread 0x00007fe8b4f96000 Uncommon trap: trap_request=0xffffffd6 fr.pc=0x000000012342539c relative=0x000000000000017c
Event: 44.950 Thread 0x00007fe8b4f96000 DEOPT PACKING pc=0x000000012342539c sp=0x000000030e2738f0
Event: 44.950 Thread 0x00007fe8b4f96000 DEOPT UNPACKING pc=0x000000011b6d871f sp=0x000000030e2738a0 mode 2
Event: 46.461 Thread 0x00007fe8b4f96000 Uncommon trap: trap_request=0xffffffde fr.pc=0x000000012331c300 relative=0x00000000000005a0
Event: 46.461 Thread 0x00007fe8b4f96000 DEOPT PACKING pc=0x000000012331c300 sp=0x000000030e273fd0
Event: 46.461 Thread 0x00007fe8b4f96000 DEOPT UNPACKING pc=0x000000011b6d871f sp=0x000000030e273f60 mode 2
Event: 46.461 Thread 0x00007fe8b4f96000 Uncommon trap: trap_request=0xffffffde fr.pc=0x000000012331c300 relative=0x00000000000005a0
Event: 46.461 Thread 0x00007fe8b4f96000 DEOPT PACKING pc=0x000000012331c300 sp=0x000000030e273fd0
Event: 46.461 Thread 0x00007fe8b4f96000 DEOPT UNPACKING pc=0x000000011b6d871f sp=0x000000030e273f60 mode 2


Dynamic libraries:
0x00007ff82cd97000 	/System/Library/Frameworks/Cocoa.framework/Versions/A/Cocoa
0x00007ff8186a9000 	/System/Library/Frameworks/AppKit.framework/Versions/C/AppKit
0x00007ff81bc02000 	/System/Library/Frameworks/CoreData.framework/Versions/A/CoreData
0x00007ff816ac0000 	/System/Library/Frameworks/Foundation.framework/Versions/C/Foundation
0x00007ff820e16000 	/usr/lib/libSystem.B.dylib
0x00007ff819538000 	/System/Library/PrivateFrameworks/UIFoundation.framework/Versions/A/UIFoundation
0x00007ff826d48000 	/System/Library/PrivateFrameworks/RemoteViewServices.framework/Versions/A/RemoteViewServices
0x00007ff81f0ed000 	/System/Library/PrivateFrameworks/XCTTargetBootstrap.framework/Versions/A/XCTTargetBootstrap
0x00007ff822ce2000 	/System/Library/PrivateFrameworks/InternationalSupport.framework/Versions/A/InternationalSupport
0x00007ff822d6c000 	/System/Library/PrivateFrameworks/UserActivity.framework/Versions/A/UserActivity
0x00007ff8220c9000 	/usr/lib/libspindump.dylib
0x00007ff8197c6000 	/System/Library/Frameworks/UniformTypeIdentifiers.framework/Versions/A/UniformTypeIdentifiers
0x00007ff81d82a000 	/usr/lib/libapp_launch_measurement.dylib
0x00007ff81c5de000 	/System/Library/PrivateFrameworks/CoreAnalytics.framework/Versions/A/CoreAnalytics
0x00007ff81d82d000 	/System/Library/PrivateFrameworks/CoreAutoLayout.framework/Versions/A/CoreAutoLayout
0x00007ff81ea4d000 	/System/Library/Frameworks/Metal.framework/Versions/A/Metal
0x00007ff81f765000 	/usr/lib/liblangid.dylib
0x00007ff81f0f1000 	/System/Library/PrivateFrameworks/CoreSVG.framework/Versions/A/CoreSVG
0x00007ff81ab8d000 	/System/Library/PrivateFrameworks/SkyLight.framework/Versions/A/SkyLight
0x00007ff81af20000 	/System/Library/Frameworks/CoreGraphics.framework/Versions/A/CoreGraphics
0x00007ff8273b7000 	/System/Library/Frameworks/Accelerate.framework/Versions/A/Accelerate
0x00007ff821b44000 	/System/Library/PrivateFrameworks/IconServices.framework/Versions/A/IconServices
0x00007ff81ea32000 	/System/Library/Frameworks/IOSurface.framework/Versions/A/IOSurface
0x00007ff81c60c000 	/usr/lib/libDiagnosticMessagesClient.dylib
0x00007ff820d30000 	/usr/lib/libz.1.dylib
0x00007ff82aa26000 	/System/Library/Frameworks/ApplicationServices.framework/Versions/A/ApplicationServices
0x00007ff81f0d9000 	/System/Library/PrivateFrameworks/DFRFoundation.framework/Versions/A/DFRFoundation
0x00007ff817f9a000 	/usr/lib/libicucore.A.dylib
0x00007ff823a07000 	/System/Library/Frameworks/AudioToolbox.framework/Versions/A/AudioToolbox
0x00007ff822cee000 	/System/Library/PrivateFrameworks/DataDetectorsCore.framework/Versions/A/DataDetectorsCore
0x00007ff91e5e7000 	/System/Library/PrivateFrameworks/TextInput.framework/Versions/A/TextInput
0x00007ff81ab11000 	/usr/lib/libMobileGestalt.dylib
0x00007ff81ede1000 	/System/Library/Frameworks/Carbon.framework/Versions/A/Frameworks/HIToolbox.framework/Versions/A/HIToolbox
0x00007ff81d257000 	/System/Library/Frameworks/QuartzCore.framework/Versions/A/QuartzCore
0x00007ff817c3a000 	/System/Library/Frameworks/Security.framework/Versions/A/Security
0x00007ff826d80000 	/System/Library/Frameworks/Carbon.framework/Versions/A/Frameworks/SpeechRecognition.framework/Versions/A/SpeechRecognition
0x00007ff81d58a000 	/System/Library/PrivateFrameworks/CoreUI.framework/Versions/A/CoreUI
0x00007ff817512000 	/System/Library/Frameworks/CoreAudio.framework/Versions/A/CoreAudio
0x00007ff81c6fa000 	/System/Library/Frameworks/DiskArbitration.framework/Versions/A/DiskArbitration
0x00007ff8224ac000 	/System/Library/PrivateFrameworks/MultitouchSupport.framework/Versions/A/MultitouchSupport
0x00007ff81ab10000 	/usr/lib/libenergytrace.dylib
0x00007ff818595000 	/System/Library/Frameworks/IOKit.framework/Versions/A/IOKit
0x00007ff82716c000 	/System/Library/Frameworks/CoreServices.framework/Versions/A/CoreServices
0x00007ff81d7c4000 	/System/Library/PrivateFrameworks/PerformanceAnalysis.framework/Versions/A/PerformanceAnalysis
0x00007ffa2e0c9000 	/System/Library/Frameworks/OpenGL.framework/Versions/A/OpenGL
0x00007ff820361000 	/System/Library/PrivateFrameworks/MobileKeyBag.framework/Versions/A/MobileKeyBag
0x00007ff815b58000 	/usr/lib/libobjc.A.dylib
0x00007ff81b64f000 	/System/Library/Frameworks/ColorSync.framework/Versions/A/ColorSync
0x00007ff815d14000 	/System/Library/Frameworks/CoreFoundation.framework/Versions/A/CoreFoundation
0x00007ff81f36c000 	/System/Library/Frameworks/CoreImage.framework/Versions/A/CoreImage
0x00007ff817328000 	/System/Library/Frameworks/CoreText.framework/Versions/A/CoreText
0x00007ff81f120000 	/System/Library/Frameworks/ImageIO.framework/Versions/A/ImageIO
0x00007ff820e1c000 	/System/Library/PrivateFrameworks/SoftLinking.framework/Versions/A/SoftLinking
0x00007ff81d875000 	/usr/lib/libxml2.2.dylib
0x00007ff815c21000 	/usr/lib/libc++.1.dylib
0x00007ff82109d000 	/usr/lib/libcompression.dylib
0x00007ff822c18000 	/System/Library/PrivateFrameworks/TextureIO.framework/Versions/A/TextureIO
0x00007ff8217bd000 	/usr/lib/libate.dylib
0x00007ff820e11000 	/usr/lib/system/libcache.dylib
0x00007ff820dcd000 	/usr/lib/system/libcommonCrypto.dylib
0x00007ff820df6000 	/usr/lib/system/libcompiler_rt.dylib
0x00007ff820dec000 	/usr/lib/system/libcopyfile.dylib
0x00007ff815a52000 	/usr/lib/system/libcorecrypto.dylib
0x00007ff815b11000 	/usr/lib/system/libdispatch.dylib
0x00007ff815cd3000 	/usr/lib/system/libdyld.dylib
0x00007ff820e08000 	/usr/lib/system/libkeymgr.dylib
0x00007ff820dab000 	/usr/lib/system/libmacho.dylib
0x00007ff820435000 	/usr/lib/system/libquarantine.dylib
0x00007ff820e06000 	/usr/lib/system/libremovefile.dylib
0x00007ff81ab5d000 	/usr/lib/system/libsystem_asl.dylib
0x00007ff815a00000 	/usr/lib/system/libsystem_blocks.dylib
0x00007ff815b98000 	/usr/lib/system/libsystem_c.dylib
0x00007ff820dfe000 	/usr/lib/system/libsystem_collections.dylib
0x00007ff81f756000 	/usr/lib/system/libsystem_configuration.dylib
0x00007ff81ea15000 	/usr/lib/system/libsystem_containermanager.dylib
0x00007ff820ae2000 	/usr/lib/system/libsystem_coreservices.dylib
0x00007ff818223000 	/usr/lib/system/libsystem_darwin.dylib
0x00007ff820e09000 	/usr/lib/system/libsystem_dnssd.dylib
0x00007ff815b95000 	/usr/lib/system/libsystem_featureflags.dylib
0x00007ff815ce9000 	/usr/lib/system/libsystem_info.dylib
0x00007ff820d43000 	/usr/lib/system/libsystem_m.dylib
0x00007ff815ae5000 	/usr/lib/system/libsystem_malloc.dylib
0x00007ff81aafa000 	/usr/lib/system/libsystem_networkextension.dylib
0x00007ff81864b000 	/usr/lib/system/libsystem_notify.dylib
0x00007ff827041000 	/usr/lib/system/libsystem_product_info_filter.dylib
0x00007ff81f75a000 	/usr/lib/system/libsystem_sandbox.dylib
0x00007ff820e03000 	/usr/lib/system/libsystem_secinit.dylib
0x00007ff815c90000 	/usr/lib/system/libsystem_kernel.dylib
0x00007ff815cdf000 	/usr/lib/system/libsystem_platform.dylib
0x00007ff815cc7000 	/usr/lib/system/libsystem_pthread.dylib
0x00007ff81c425000 	/usr/lib/system/libsystem_symptoms.dylib
0x00007ff815a39000 	/usr/lib/system/libsystem_trace.dylib
0x00007ff820dd9000 	/usr/lib/system/libunwind.dylib
0x00007ff815a02000 	/usr/lib/system/libxpc.dylib
0x00007ff815c7a000 	/usr/lib/libc++abi.dylib
0x00007ff820de4000 	/usr/lib/liboah.dylib
0x00007ff821576000 	/usr/lib/liblzma.5.dylib
0x00007ff8167d1000 	/System/Library/Frameworks/SystemConfiguration.framework/Versions/A/SystemConfiguration
0x00007ff820e18000 	/usr/lib/libfakelink.dylib
0x00007ff81a663000 	/System/Library/Frameworks/CFNetwork.framework/Versions/A/CFNetwork
0x00007ff820f57000 	/usr/lib/libarchive.2.dylib
0x00007ff81f761000 	/System/Library/PrivateFrameworks/AppleSystemInfo.framework/Versions/A/AppleSystemInfo
0x00007ff82045c000 	/usr/lib/libbsm.0.dylib
0x00007ff819c99000 	/usr/lib/libnetwork.dylib
0x00007ff820db1000 	/usr/lib/system/libkxld.dylib
0x00007ff82008a000 	/System/Library/PrivateFrameworks/IOMobileFramebuffer.framework/Versions/A/IOMobileFramebuffer
0x00007ffb2bcbe000 	/usr/lib/libCoreEntitlements.dylib
0x00007ff820ac4000 	/System/Library/PrivateFrameworks/AppleFSCompression.framework/Versions/A/AppleFSCompression
0x00007ff820444000 	/usr/lib/libcoretls.dylib
0x00007ff821590000 	/usr/lib/libcoretls_cfhelpers.dylib
0x00007ff821098000 	/usr/lib/libpam.2.dylib
0x00007ff81c04b000 	/usr/lib/libsqlite3.dylib
0x00007ff8215ff000 	/usr/lib/libxar.1.dylib
0x00007ff820ad4000 	/usr/lib/libbz2.1.0.dylib
0x00007ff820e1d000 	/usr/lib/libpcap.A.dylib
0x00007ff81c41c000 	/usr/lib/libdns_services.dylib
0x00007ff82106a000 	/usr/lib/libapple_nghttp2.dylib
0x00007ff820e54000 	/usr/lib/libiconv.2.dylib
0x00007ff820daa000 	/usr/lib/libcharset.1.dylib
0x00007ff81d7f8000 	/System/Library/Frameworks/CoreServices.framework/Versions/A/Frameworks/FSEvents.framework/Versions/A/FSEvents
0x00007ff81822d000 	/System/Library/Frameworks/CoreServices.framework/Versions/A/Frameworks/CarbonCore.framework/Versions/A/CarbonCore
0x00007ff81c65f000 	/System/Library/Frameworks/CoreServices.framework/Versions/A/Frameworks/Metadata.framework/Versions/A/Metadata
0x00007ff820ae7000 	/System/Library/Frameworks/CoreServices.framework/Versions/A/Frameworks/OSServices.framework/Versions/A/OSServices
0x00007ff820fde000 	/System/Library/Frameworks/CoreServices.framework/Versions/A/Frameworks/SearchKit.framework/Versions/A/SearchKit
0x00007ff81c3ae000 	/System/Library/Frameworks/CoreServices.framework/Versions/A/Frameworks/AE.framework/Versions/A/AE
0x00007ff816215000 	/System/Library/Frameworks/CoreServices.framework/Versions/A/Frameworks/LaunchServices.framework/Versions/A/LaunchServices
0x00007ff821527000 	/System/Library/Frameworks/CoreServices.framework/Versions/A/Frameworks/DictionaryServices.framework/Versions/A/DictionaryServices
0x00007ff81d805000 	/System/Library/Frameworks/CoreServices.framework/Versions/A/Frameworks/SharedFileList.framework/Versions/A/SharedFileList
0x00007ff820438000 	/usr/lib/libCheckFix.dylib
0x00007ff81ab74000 	/System/Library/PrivateFrameworks/TCC.framework/Versions/A/TCC
0x00007ff81f767000 	/System/Library/PrivateFrameworks/CoreNLP.framework/Versions/A/CoreNLP
0x00007ff81c60f000 	/System/Library/PrivateFrameworks/MetadataUtilities.framework/Versions/A/MetadataUtilities
0x00007ff816881000 	/usr/lib/libmecabra.dylib
0x00007ff82046c000 	/usr/lib/libmecab.dylib
0x00007ff81684c000 	/usr/lib/libCRFSuite.dylib
0x00007ff8204c9000 	/usr/lib/libgermantok.dylib
0x00007ff821045000 	/usr/lib/libThaiTokenizer.dylib
0x00007ff81c701000 	/System/Library/Frameworks/Accelerate.framework/Versions/A/Frameworks/vImage.framework/Versions/A/vImage
0x00007ff827143000 	/System/Library/Frameworks/Accelerate.framework/Versions/A/Frameworks/vecLib.framework/Versions/A/vecLib
0x00007ff821640000 	/System/Library/Frameworks/Accelerate.framework/Versions/A/Frameworks/vecLib.framework/Versions/A/libvMisc.dylib
0x00007ff81fe7e000 	/System/Library/Frameworks/Accelerate.framework/Versions/A/Frameworks/vecLib.framework/Versions/A/libvDSP.dylib
0x00007ff81658d000 	/System/Library/Frameworks/Accelerate.framework/Versions/A/Frameworks/vecLib.framework/Versions/A/libBLAS.dylib
0x00007ff82117a000 	/System/Library/Frameworks/Accelerate.framework/Versions/A/Frameworks/vecLib.framework/Versions/A/libLAPACK.dylib
0x00007ff8204cc000 	/System/Library/Frameworks/Accelerate.framework/Versions/A/Frameworks/vecLib.framework/Versions/A/libLinearAlgebra.dylib
0x00007ff821083000 	/System/Library/Frameworks/Accelerate.framework/Versions/A/Frameworks/vecLib.framework/Versions/A/libSparseBLAS.dylib
0x00007ff821174000 	/System/Library/Frameworks/Accelerate.framework/Versions/A/Frameworks/vecLib.framework/Versions/A/libQuadrature.dylib
0x00007ff81f851000 	/System/Library/Frameworks/Accelerate.framework/Versions/A/Frameworks/vecLib.framework/Versions/A/libBNNS.dylib
0x00007ff816762000 	/System/Library/Frameworks/Accelerate.framework/Versions/A/Frameworks/vecLib.framework/Versions/A/libSparse.dylib
0x00007ff81f84a000 	/System/Library/PrivateFrameworks/LinguisticData.framework/Versions/A/LinguisticData
0x00007ff816717000 	/System/Library/PrivateFrameworks/Lexicon.framework/Versions/A/Lexicon
0x00007ff821639000 	/usr/lib/libChineseTokenizer.dylib
0x00007ff816e7b000 	/System/Library/PrivateFrameworks/LanguageModeling.framework/Versions/A/LanguageModeling
0x00007ff821047000 	/System/Library/PrivateFrameworks/AppleSauce.framework/Versions/A/AppleSauce
0x00007ff820078000 	/System/Library/PrivateFrameworks/CoreEmoji.framework/Versions/A/CoreEmoji
0x00007ff820f46000 	/usr/lib/libcmph.dylib
0x00007ff81d7dc000 	/System/Library/Frameworks/OpenDirectory.framework/Versions/A/Frameworks/CFOpenDirectory.framework/Versions/A/CFOpenDirectory
0x00007ff81d7d0000 	/System/Library/Frameworks/OpenDirectory.framework/Versions/A/OpenDirectory
0x00007ff821592000 	/System/Library/PrivateFrameworks/APFS.framework/Versions/A/APFS
0x00007ff820399000 	/System/Library/Frameworks/SecurityFoundation.framework/Versions/A/SecurityFoundation
0x00007ff82160d000 	/usr/lib/libutil.dylib
0x00007ff818558000 	/System/Library/PrivateFrameworks/CoreServicesStore.framework/Versions/A/CoreServicesStore
0x00007ff821611000 	/usr/lib/libxslt.1.dylib
0x00007ff820426000 	/System/Library/PrivateFrameworks/BackgroundTaskManagement.framework/Versions/A/BackgroundTaskManagement
0x00007ff822b3a000 	/System/Library/Frameworks/ImageIO.framework/Versions/A/Resources/libRadiance.dylib
0x00007ff822b43000 	/System/Library/Frameworks/ImageIO.framework/Versions/A/Resources/libJPEG.dylib
0x00007ff822a94000 	/System/Library/Frameworks/ImageIO.framework/Versions/A/Resources/libPng.dylib
0x00007ff822ab5000 	/System/Library/Frameworks/ImageIO.framework/Versions/A/Resources/libTIFF.dylib
0x00007ff822ba1000 	/System/Library/Frameworks/ImageIO.framework/Versions/A/Resources/libGIF.dylib
0x00007ff8223c9000 	/System/Library/Frameworks/ImageIO.framework/Versions/A/Resources/libJP2.dylib
0x00007ff821b0b000 	/usr/lib/libexpat.1.dylib
0x00007ff82237e000 	/System/Library/PrivateFrameworks/AppleJPEG.framework/Versions/A/AppleJPEG
0x00007ff81eca8000 	/System/Library/PrivateFrameworks/FontServices.framework/libFontParser.dylib
0x00007ff81c358000 	/System/Library/PrivateFrameworks/RunningBoardServices.framework/Versions/A/RunningBoardServices
0x00007ff82d311000 	/System/Library/PrivateFrameworks/IOSurfaceAccelerator.framework/Versions/A/IOSurfaceAccelerator
0x00007ff8224a8000 	/System/Library/PrivateFrameworks/WatchdogClient.framework/Versions/A/WatchdogClient
0x00007ff816f6a000 	/System/Library/Frameworks/CoreDisplay.framework/Versions/A/CoreDisplay
0x00007ff81eba7000 	/System/Library/Frameworks/CoreMedia.framework/Versions/A/CoreMedia
0x00007ff81ea44000 	/System/Library/PrivateFrameworks/IOAccelerator.framework/Versions/A/IOAccelerator
0x00007ff81d958000 	/System/Library/Frameworks/CoreVideo.framework/Versions/A/CoreVideo
0x00007ff821096000 	/System/Library/Frameworks/MetalPerformanceShaders.framework/Versions/A/MetalPerformanceShaders
0x00007ff8224e3000 	/System/Library/Frameworks/VideoToolbox.framework/Versions/A/VideoToolbox
0x00007ff81c2a0000 	/System/Library/PrivateFrameworks/BaseBoard.framework/Versions/A/BaseBoard
0x00007ff81c031000 	/System/Library/PrivateFrameworks/ProtocolBuffer.framework/Versions/A/ProtocolBuffer
0x00007ff822b33000 	/System/Library/PrivateFrameworks/GPUWrangler.framework/Versions/A/GPUWrangler
0x00007ff822b16000 	/System/Library/PrivateFrameworks/IOPresentment.framework/Versions/A/IOPresentment
0x00007ff822b3d000 	/System/Library/PrivateFrameworks/DSExternalDisplay.framework/Versions/A/DSExternalDisplay
0x00007ffa2e0bd000 	/System/Library/Frameworks/OpenGL.framework/Versions/A/Libraries/libCoreFSCache.dylib
0x00007ffb19fa8000 	/System/Library/PrivateFrameworks/GPUCompiler.framework/Versions/31001/Libraries/libGPUCompilerUtils.dylib
0x00007ff822ba6000 	/System/Library/PrivateFrameworks/CMCaptureCore.framework/Versions/A/CMCaptureCore
0x00007ff8220b7000 	/System/Library/PrivateFrameworks/AppServerSupport.framework/Versions/A/AppServerSupport
0x00007ff82428d000 	/System/Library/PrivateFrameworks/perfdata.framework/Versions/A/perfdata
0x00007ff817096000 	/System/Library/PrivateFrameworks/AudioToolboxCore.framework/Versions/A/AudioToolboxCore
0x00007ff81eb84000 	/System/Library/PrivateFrameworks/caulk.framework/Versions/A/caulk
0x00007ff823bb1000 	/usr/lib/libAudioStatistics.dylib
0x00007ff91ae78000 	/System/Library/PrivateFrameworks/SystemPolicy.framework/Versions/A/SystemPolicy
0x00007ff823e06000 	/usr/lib/libSMC.dylib
0x00007ff82cc4a000 	/System/Library/Frameworks/CoreMIDI.framework/Versions/A/CoreMIDI
0x00007ff822a64000 	/usr/lib/libAudioToolboxUtility.dylib
0x00007ff91728a000 	/System/Library/PrivateFrameworks/OSAServicesClient.framework/Versions/A/OSAServicesClient
0x00007ff82429a000 	/usr/lib/libperfcheck.dylib
0x00007ff91b90a000 	/usr/lib/libmis.dylib
0x00007ffa2e119000 	/System/Library/Frameworks/OpenGL.framework/Versions/A/Libraries/libGLU.dylib
0x00007ffa2e0dc000 	/System/Library/Frameworks/OpenGL.framework/Versions/A/Libraries/libGFXShared.dylib
0x00007ffa2e2ea000 	/System/Library/Frameworks/OpenGL.framework/Versions/A/Libraries/libGL.dylib
0x00007ffa2e0e5000 	/System/Library/Frameworks/OpenGL.framework/Versions/A/Libraries/libGLImage.dylib
0x00007ffa2e0d9000 	/System/Library/Frameworks/OpenGL.framework/Versions/A/Libraries/libCVMSPluginSupport.dylib
0x00007ffa2e0c4000 	/System/Library/Frameworks/OpenGL.framework/Versions/A/Libraries/libCoreVMClient.dylib
0x00007ff81f6e5000 	/System/Library/Frameworks/MetalPerformanceShaders.framework/Versions/A/Frameworks/MPSCore.framework/Versions/A/MPSCore
0x00007ff820a2f000 	/System/Library/Frameworks/MetalPerformanceShaders.framework/Versions/A/Frameworks/MPSImage.framework/Versions/A/MPSImage
0x00007ff8204e2000 	/System/Library/Frameworks/MetalPerformanceShaders.framework/Versions/A/Frameworks/MPSNeuralNetwork.framework/Versions/A/MPSNeuralNetwork
0x00007ff820957000 	/System/Library/Frameworks/MetalPerformanceShaders.framework/Versions/A/Frameworks/MPSMatrix.framework/Versions/A/MPSMatrix
0x00007ff820713000 	/System/Library/Frameworks/MetalPerformanceShaders.framework/Versions/A/Frameworks/MPSRayIntersector.framework/Versions/A/MPSRayIntersector
0x00007ff820990000 	/System/Library/Frameworks/MetalPerformanceShaders.framework/Versions/A/Frameworks/MPSNDArray.framework/Versions/A/MPSNDArray
0x00007ffa32cdb000 	/System/Library/Frameworks/MetalPerformanceShaders.framework/Versions/A/Frameworks/MPSFunctions.framework/Versions/A/MPSFunctions
0x00007ff816470000 	/System/Library/PrivateFrameworks/MetalTools.framework/Versions/A/MetalTools
0x00007ff81f75f000 	/System/Library/PrivateFrameworks/AggregateDictionary.framework/Versions/A/AggregateDictionary
0x00007ff8218ed000 	/usr/lib/libIOReport.dylib
0x00007ffa2f6f9000 	/System/Library/Frameworks/OpenCL.framework/Versions/A/OpenCL
0x00007ff821c51000 	/System/Library/PrivateFrameworks/FaceCore.framework/Versions/A/FaceCore
0x00007ff821c42000 	/System/Library/PrivateFrameworks/GraphVisualizer.framework/Versions/A/GraphVisualizer
0x00007ffb19eb3000 	/System/Library/PrivateFrameworks/FontServices.framework/Versions/A/FontServices
0x00007ff82206e000 	/System/Library/PrivateFrameworks/OTSVG.framework/Versions/A/OTSVG
0x00007ff81d540000 	/System/Library/Frameworks/ApplicationServices.framework/Versions/A/Frameworks/ATS.framework/Versions/A/Resources/libFontRegistry.dylib
0x00007ff8220bf000 	/System/Library/PrivateFrameworks/FontServices.framework/libhvf.dylib
0x00007ffb19eb4000 	/System/Library/PrivateFrameworks/FontServices.framework/libXTFontStaticRegistryData.dylib
0x00007ff821abb000 	/System/Library/PrivateFrameworks/AppleVA.framework/Versions/A/AppleVA
0x00007ff823bd5000 	/System/Library/Frameworks/ApplicationServices.framework/Versions/A/Frameworks/ATS.framework/Versions/A/ATS
0x00007ff81b74b000 	/System/Library/Frameworks/ApplicationServices.framework/Versions/A/Frameworks/HIServices.framework/Versions/A/HIServices
0x00007ff822bb0000 	/System/Library/Frameworks/ApplicationServices.framework/Versions/A/Frameworks/PrintCore.framework/Versions/A/PrintCore
0x00007ff823f59000 	/System/Library/Frameworks/ApplicationServices.framework/Versions/A/Frameworks/QD.framework/Versions/A/QD
0x00007ff823f51000 	/System/Library/Frameworks/ApplicationServices.framework/Versions/A/Frameworks/ColorSyncLegacy.framework/Versions/A/ColorSyncLegacy
0x00007ff823bc5000 	/System/Library/Frameworks/ApplicationServices.framework/Versions/A/Frameworks/SpeechSynthesis.framework/Versions/A/SpeechSynthesis
0x00007ff822b71000 	/System/Library/Frameworks/ApplicationServices.framework/Versions/A/Frameworks/ATSUI.framework/Versions/A/ATSUI
0x00007ff823ee6000 	/usr/lib/libcups.2.dylib
0x00007ff8242a9000 	/System/Library/Frameworks/Kerberos.framework/Versions/A/Kerberos
0x00007ff8242b8000 	/System/Library/Frameworks/GSS.framework/Versions/A/GSS
0x00007ff823c41000 	/usr/lib/libresolv.9.dylib
0x00007ff8220ce000 	/System/Library/PrivateFrameworks/Heimdal.framework/Versions/A/Heimdal
0x00007ff82ada1000 	/System/Library/Frameworks/Kerberos.framework/Versions/A/Libraries/libHeimdalProxy.dylib
0x00007ff81c42d000 	/System/Library/Frameworks/Network.framework/Versions/A/Network
0x00007ff821b25000 	/usr/lib/libheimdal-asn1.dylib
0x00007ff824304000 	/System/Library/PrivateFrameworks/CommonAuth.framework/Versions/A/CommonAuth
0x00007ff823b42000 	/System/Library/PrivateFrameworks/AudioSession.framework/Versions/A/AudioSession
0x00007ff821bb5000 	/System/Library/PrivateFrameworks/MediaExperience.framework/Versions/A/MediaExperience
0x00007ff8239d6000 	/System/Library/PrivateFrameworks/AudioSession.framework/libSessionUtility.dylib
0x00007ff823f65000 	/System/Library/PrivateFrameworks/AudioResourceArbitration.framework/Versions/A/AudioResourceArbitration
0x00007ff827f56000 	/System/Library/PrivateFrameworks/PowerLog.framework/Versions/A/PowerLog
0x00007ff821b2e000 	/System/Library/PrivateFrameworks/IconFoundation.framework/Versions/A/IconFoundation
0x00007ff826d70000 	/System/Library/PrivateFrameworks/SpeechRecognitionCore.framework/Versions/A/SpeechRecognitionCore
0x000000010e39a000 	/Library/Java/JavaVirtualMachines/jdk-10.0.2.jdk/Contents/Home/lib/server/libjvm.dylib
0x00007ffb2c754000 	/usr/lib/libstdc++.6.dylib
0x000000010d656000 	/Library/Java/JavaVirtualMachines/jdk-10.0.2.jdk/Contents/Home/lib/libverify.dylib
0x000000010d6f7000 	/Library/Java/JavaVirtualMachines/jdk-10.0.2.jdk/Contents/Home/lib/libjava.dylib
0x000000010d76b000 	/Library/Java/JavaVirtualMachines/jdk-10.0.2.jdk/Contents/Home/lib/libinstrument.dylib
0x000000010d6cb000 	/Library/Java/JavaVirtualMachines/jdk-10.0.2.jdk/Contents/Home/lib/libzip.dylib
0x000000010d6e1000 	/Library/Java/JavaVirtualMachines/jdk-10.0.2.jdk/Contents/Home/lib/libjimage.dylib
0x000000010d68a000 	/Library/Java/JavaVirtualMachines/jdk-10.0.2.jdk/Contents/Home/lib/libnio.dylib
0x000000013309b000 	/Library/Java/JavaVirtualMachines/jdk-10.0.2.jdk/Contents/Home/lib/libnet.dylib
0x0000000133249000 	/Library/Java/JavaVirtualMachines/jdk-10.0.2.jdk/Contents/Home/lib/libprism_es2.dylib
0x00007ff818519000 	/System/Library/PrivateFrameworks/CoreServicesInternal.framework/Versions/A/CoreServicesInternal
0x00007ffa2e2f5000 	/System/Library/Frameworks/OpenGL.framework/Versions/A/Resources/GLEngine.bundle/GLEngine
0x00007ffa2e157000 	/System/Library/Frameworks/OpenGL.framework/Versions/A/Libraries/libGLProgrammability.dylib
0x0000000133461000 	/System/Library/Extensions/AppleMetalOpenGLRenderer.bundle/Contents/MacOS/AppleMetalOpenGLRenderer
0x00007ffa2e484000 	/System/Library/Frameworks/OpenGL.framework/Versions/A/Resources/GLRendererFloat.bundle/GLRendererFloat
0x00007ffa30263000 	/System/Library/Extensions/AGXMetal13_3.bundle/Contents/MacOS/AGXMetal13_3
0x00007ff91b925000 	/System/Library/PrivateFrameworks/GPURawCounter.framework/Versions/A/GPURawCounter
0x00007ff916459000 	/System/Library/PrivateFrameworks/IOGPU.framework/Versions/A/IOGPU
0x000000013363e000 	/Library/Java/JavaVirtualMachines/jdk-10.0.2.jdk/Contents/Home/lib/libglass.dylib
0x00007ff828547000 	/System/Library/Frameworks/FileProvider.framework/Versions/A/FileProvider
0x00007ff81c20c000 	/System/Library/Frameworks/Accounts.framework/Versions/A/Accounts
0x00007ff8286be000 	/System/Library/PrivateFrameworks/GenerationalStorage.framework/Versions/A/GenerationalStorage
0x00007ff8291d0000 	/System/Library/PrivateFrameworks/CoreSymbolication.framework/Versions/A/CoreSymbolication
0x00007ff827f4b000 	/System/Library/PrivateFrameworks/SymptomDiagnosticReporter.framework/Versions/A/SymptomDiagnosticReporter
0x00007ff8197da000 	/System/Library/PrivateFrameworks/DesktopServicesPriv.framework/Versions/A/DesktopServicesPriv
0x00007ff81865a000 	/usr/lib/libsandbox.1.dylib
0x00007ff81d9d7000 	/System/Library/PrivateFrameworks/UserManagement.framework/Versions/A/UserManagement
0x00007ff829195000 	/System/Library/PrivateFrameworks/DebugSymbols.framework/Versions/A/DebugSymbols
0x00007ff823f46000 	/System/Library/PrivateFrameworks/NetAuth.framework/Versions/A/NetAuth
0x00007ff824e34000 	/System/Library/PrivateFrameworks/Sharing.framework/Versions/A/Sharing
0x00007ff81d9aa000 	/System/Library/PrivateFrameworks/login.framework/Versions/A/Frameworks/loginsupport.framework/Versions/A/loginsupport
0x00007ff82a2d5000 	/System/Library/PrivateFrameworks/Apple80211.framework/Versions/A/Apple80211
0x00007ff820b14000 	/System/Library/PrivateFrameworks/AuthKit.framework/Versions/A/AuthKit
0x00007ff82016e000 	/System/Library/PrivateFrameworks/CoreUtils.framework/Versions/A/CoreUtils
0x00007ff820095000 	/System/Library/Frameworks/CoreWLAN.framework/Versions/A/CoreWLAN
0x00007ff824f8f000 	/System/Library/Frameworks/IOBluetooth.framework/Versions/A/IOBluetooth
0x00007ff82a33d000 	/System/Library/PrivateFrameworks/CoreWiFi.framework/Versions/A/CoreWiFi
0x00007ff828d6a000 	/System/Library/PrivateFrameworks/FrontBoardServices.framework/Versions/A/FrontBoardServices
0x00007ff828dfc000 	/System/Library/PrivateFrameworks/BoardServices.framework/Versions/A/BoardServices
0x00007ff820388000 	/System/Library/PrivateFrameworks/AssertionServices.framework/Versions/A/AssertionServices
0x00007ff82a4c1000 	/System/Library/PrivateFrameworks/BackBoardServices.framework/Versions/A/BackBoardServices
0x00007ff824393000 	/System/Library/PrivateFrameworks/CorePhoneNumbers.framework/Versions/A/CorePhoneNumbers
0x00007ff828068000 	/System/Library/PrivateFrameworks/DiskManagement.framework/Versions/A/DiskManagement
0x00007ff827f7c000 	/System/Library/PrivateFrameworks/AppleIDAuthSupport.framework/Versions/A/AppleIDAuthSupport
0x00007ffa34c71000 	/System/Library/PrivateFrameworks/AAAFoundation.framework/Versions/A/AAAFoundation
0x00007ff824374000 	/System/Library/PrivateFrameworks/KeychainCircle.framework/Versions/A/KeychainCircle
0x00007ff828034000 	/System/Library/PrivateFrameworks/MediaKit.framework/Versions/A/MediaKit
0x00007ff827f88000 	/System/Library/Frameworks/DiscRecording.framework/Versions/A/DiscRecording
0x00007ff821a33000 	/usr/lib/libCoreStorage.dylib
0x00007ff82a7b0000 	/usr/lib/libcsfde.dylib
0x00007ff82505c000 	/System/Library/PrivateFrameworks/ProtectedCloudStorage.framework/Versions/A/ProtectedCloudStorage
0x00007ff82a7ac000 	/System/Library/PrivateFrameworks/EFILogin.framework/Versions/A/EFILogin
0x00007ff8286e4000 	/System/Library/PrivateFrameworks/OctagonTrust.framework/Versions/A/OctagonTrust
0x00007ffb191d5000 	/System/Library/PrivateFrameworks/CoreUtilsExtras.framework/Versions/A/CoreUtilsExtras
0x00007ff827ebe000 	/System/Library/Frameworks/CoreBluetooth.framework/Versions/A/CoreBluetooth
0x00007ff82ae26000 	/System/Library/Frameworks/AudioUnit.framework/Versions/A/AudioUnit
0x00007ff821a2b000 	/usr/lib/libMatch.1.dylib
0x00007ff91fd59000 	/System/Library/Frameworks/Accelerate.framework/Versions/A/Frameworks/vImage.framework/Versions/A/Libraries/libCGInterfaces.dylib
0x0000000135230000 	/usr/lib/libobjc-trampolines.dylib
0x00007ff81d6d0000 	/System/Library/PrivateFrameworks/ViewBridge.framework/Versions/A/ViewBridge
0x0000000136ef6000 	/Library/Java/JavaVirtualMachines/jdk-10.0.2.jdk/Contents/Home/lib/libjavafx_font.dylib
0x0000000136f94000 	/Library/Java/JavaVirtualMachines/jdk-10.0.2.jdk/Contents/Home/lib/libawt.dylib
0x00000001370db000 	/Library/Java/JavaVirtualMachines/jdk-10.0.2.jdk/Contents/Home/lib/libmlib_image.dylib
0x00007ffa32c3d000 	/System/Library/Frameworks/JavaNativeFoundation.framework/Versions/A/JavaNativeFoundation
0x00007ffa32c49000 	/System/Library/Frameworks/JavaRuntimeSupport.framework/Versions/A/JavaRuntimeSupport
0x00007ff91a9c1000 	/System/Library/Frameworks/Carbon.framework/Versions/A/Carbon
0x00007ff82e668000 	/System/Library/Frameworks/Carbon.framework/Versions/A/Frameworks/CommonPanels.framework/Versions/A/CommonPanels
0x00007ff82a7a8000 	/System/Library/Frameworks/Carbon.framework/Versions/A/Frameworks/Help.framework/Versions/A/Help
0x00007ff82e66c000 	/System/Library/Frameworks/Carbon.framework/Versions/A/Frameworks/ImageCapture.framework/Versions/A/ImageCapture
0x00007ff82e63c000 	/System/Library/Frameworks/Carbon.framework/Versions/A/Frameworks/OpenScripting.framework/Versions/A/OpenScripting
0x00007ff82e664000 	/System/Library/Frameworks/Carbon.framework/Versions/A/Frameworks/Ink.framework/Versions/A/Ink
0x00007ff91a9bd000 	/System/Library/Frameworks/Carbon.framework/Versions/A/Frameworks/Print.framework/Versions/A/Print
0x00007ff82e660000 	/System/Library/Frameworks/Carbon.framework/Versions/A/Frameworks/SecurityHI.framework/Versions/A/SecurityHI
0x000000013725f000 	/Library/Java/JavaVirtualMachines/jdk-10.0.2.jdk/Contents/Home/lib/libawt_lwawt.dylib
0x0000000136f2c000 	/Library/Java/JavaVirtualMachines/jdk-10.0.2.jdk/Contents/Home/lib/libosxapp.dylib
0x00007ff919dfe000 	/System/Library/Frameworks/ExceptionHandling.framework/Versions/A/ExceptionHandling
0x00000001373dc000 	/Library/Java/JavaVirtualMachines/jdk-10.0.2.jdk/Contents/Home/lib/libfontmanager.dylib
0x00007ffb2bdcc000 	/usr/lib/libRosetta.dylib
0x00007ff822188000 	/System/Library/PrivateFrameworks/login.framework/Versions/A/login
0x00007ff82743b000 	/System/Library/PrivateFrameworks/SystemAdministration.framework/Versions/A/SystemAdministration
0x00007ff822dd8000 	/System/Library/Frameworks/MediaToolbox.framework/Versions/A/MediaToolbox
0x00007ff826d3c000 	/System/Library/Frameworks/DirectoryService.framework/Versions/A/DirectoryService
0x00007ff82a64e000 	/System/Library/PrivateFrameworks/DiskImages.framework/Versions/A/DiskImages
0x00007ff820430000 	/System/Library/Frameworks/ServiceManagement.framework/Versions/A/ServiceManagement
0x00007ff82a828000 	/System/Library/PrivateFrameworks/LoginUIKit.framework/Versions/A/Frameworks/LoginUICore.framework/Versions/A/LoginUICore
0x00007ff822336000 	/usr/lib/libodfde.dylib
0x00007ff828517000 	/System/Library/PrivateFrameworks/CoreAVCHD.framework/Versions/A/CoreAVCHD
0x00007ff8273ff000 	/System/Library/Frameworks/MediaAccessibility.framework/Versions/A/MediaAccessibility
0x00007ff828513000 	/System/Library/PrivateFrameworks/Mangrove.framework/Versions/A/Mangrove
0x00007ff82740a000 	/System/Library/PrivateFrameworks/AlgosScoreFramework.framework/Versions/A/AlgosScoreFramework
0x00007ffb16621000 	/System/Library/PrivateFrameworks/CMPhoto.framework/Versions/A/CMPhoto
0x00007ff82906b000 	/System/Library/PrivateFrameworks/AppleVPA.framework/Versions/A/AppleVPA
0x00007ff828158000 	/System/Library/PrivateFrameworks/CoreAUC.framework/Versions/A/CoreAUC
0x00007ff82a7bc000 	/usr/lib/libcurl.4.dylib
0x00007ff82a519000 	/usr/lib/libcrypto.44.dylib
0x00007ff82a621000 	/usr/lib/libssl.46.dylib
0x00007ff82a4df000 	/System/Library/Frameworks/LDAP.framework/Versions/A/LDAP
0x00007ff82a517000 	/System/Library/PrivateFrameworks/TrustEvaluationAgent.framework/Versions/A/TrustEvaluationAgent
0x00007ff823c5a000 	/usr/lib/libsasl2.2.dylib
0x00007ff82742f000 	/System/Library/PrivateFrameworks/CoreDaemon.framework/Versions/B/CoreDaemon
0x00007ff82742a000 	/System/Library/PrivateFrameworks/AppleSRP.framework/Versions/A/AppleSRP


VM Arguments:
jvm_args: -javaagent:/Applications/IntelliJ IDEA CE.app/Contents/lib/idea_rt.jar=56701:/Applications/IntelliJ IDEA CE.app/Contents/bin -Dfile.encoding=UTF-8 
java_command: proj6BogatyrevDimitrovWang.proj5BogatyrevCohenPeng.Main
java_class_path (initial): /Users/baronwang/IdeaProjects/project6DimitrovWangBogatyrev/out/production/project6DimitrovWangBogatyrev:/Users/baronwang/IdeaProjects/project6DimitrovWangBogatyrev/richtextfx-fat-0.10.7.jar
Launcher Type: SUN_STANDARD

Logging:
Log output configuration:
#0: stdout all=warning uptime,level,tags
#1: stderr all=off uptime,level,tags

Environment Variables:
PATH=/usr/local/bin:/usr/bin:/bin:/usr/sbin:/sbin:/Library/TeX/texbin
SHELL=/bin/bash

Signal Handlers:
SIGSEGV: [libjvm.dylib+0x79ac14], sa_mask[0]=11111111111111111111111111111111, sa_flags=SA_ONSTACK|SA_RESTART|SA_SIGINFO
SIGBUS: [libjvm.dylib+0x79ac14], sa_mask[0]=11111111111111111111111111111111, sa_flags=SA_RESTART|SA_SIGINFO
SIGFPE: [libjvm.dylib+0x79ac14], sa_mask[0]=11111111111111111111111111111111, sa_flags=SA_RESTART|SA_SIGINFO
SIGPIPE: [libjvm.dylib+0x635960], sa_mask[0]=11111111111111111111111111111111, sa_flags=SA_RESTART|SA_SIGINFO
SIGXFSZ: [libjvm.dylib+0x635960], sa_mask[0]=11111111111111111111111111111111, sa_flags=SA_RESTART|SA_SIGINFO
SIGILL: [libjvm.dylib+0x79ac14], sa_mask[0]=11111111111111111111111111111111, sa_flags=SA_RESTART|SA_SIGINFO
SIGUSR2: [libjvm.dylib+0x6361f0], sa_mask[0]=00100000000000000000000000000000, sa_flags=SA_RESTART|SA_SIGINFO
SIGHUP: [libjvm.dylib+0x6349db], sa_mask[0]=11111111111111111111111111111111, sa_flags=SA_RESTART|SA_SIGINFO
SIGINT: [libjvm.dylib+0x6349db], sa_mask[0]=11111111111111111111111111111111, sa_flags=SA_RESTART|SA_SIGINFO
SIGTERM: [libjvm.dylib+0x6349db], sa_mask[0]=11111111111111111111111111111111, sa_flags=SA_RESTART|SA_SIGINFO
SIGQUIT: [libjvm.dylib+0x6349db], sa_mask[0]=11111111111111111111111111111111, sa_flags=SA_RESTART|SA_SIGINFO


---------------  S Y S T E M  ---------------

OS:uname:Darwin 21.2.0 Darwin Kernel Version 21.2.0: Sun Nov 28 20:29:10 PST 2021; root:xnu-8019.61.5~1/RELEASE_ARM64_T8101 x86_64
rlimit: STACK 8176k, CORE 0k, NPROC 1333, NOFILE 10240, AS infinity, DATA infinity, FSIZE infinity
load average:2.82 3.05 2.91

CPU:total 8 (initial active 8) (1 cores per cpu, 1 threads per core) family 6 model 44 stepping 0, cmov, cx8, fxsr, mmx, sse, sse2, sse3, ssse3, sse4.1, sse4.2, popcnt, aes, clmul, tsc, tscinvbit, tscinv

Memory: 4k page, physical 8388608k(17908k free)

vm_info: Java HotSpot(TM) 64-Bit Server VM (10.0.2+13) for bsd-amd64 JRE (10.0.2+13), built on Jun 28 2018 00:49:51 by "mach5one" with gcc 4.2.1 Compatible Apple LLVM 6.1.0 (clang-602.0.49)

END.
